# JRE version: OpenJDK Runtime Environment (8.0_242-b01) (build 1.8.0_242-release-1644-b01)
# Java VM: OpenJDK 64-Bit Server VM (25.242-b01 mixed mode windows-amd64 compressed oops)
Heap:
 PSYoungGen      total 570880K, used 450487K [0x00000000d5580000, 0x0000000100000000, 0x0000000100000000)
  eden space 442880K, 100% used [0x00000000d5580000,0x00000000f0600000,0x00000000f0600000)
  from space 128000K, 5% used [0x00000000f0600000,0x00000000f0d6def0,0x00000000f8300000)
  to   space 125440K, 1% used [0x00000000f8580000,0x00000000f87c1e70,0x0000000100000000)
 ParOldGen       total 620544K, used 319387K [0x0000000080000000, 0x00000000a5e00000, 0x00000000d5580000)
  object space 620544K, 51% used [0x0000000080000000,0x00000000937e6eb0,0x00000000a5e00000)
 Metaspace       used 165572K, capacity 177460K, committed 195736K, reserved 1220608K
  class space    used 20121K, capacity 22092K, committed 25264K, reserved 1048576K
GC Heap History (10 events):
Event: 14554.311 GC heap before
{Heap before GC invocations=251 (full 13):
 PSYoungGen      total 630272K, used 586320K [0x00000000d5580000, 0x0000000100000000, 0x0000000100000000)
  eden space 561664K, 99% used [0x00000000d5580000,0x00000000f7994940,0x00000000f7a00000)
  from space 68608K, 36% used [0x00000000f7a00000,0x00000000f927fa80,0x00000000fbd00000)
  to   space 64512K, 0% used [0x00000000fc100000,0x00000000fc100000,0x0000000100000000)
 ParOldGen       total 428032K, used 387067K [0x0000000080000000, 0x000000009a200000, 0x00000000d5580000)
  object space 428032K, 90% used [0x0000000080000000,0x00000000979fec60,0x000000009a200000)
 Metaspace       used 171735K, capacity 183466K, committed 197784K, reserved 1222656K
  class space    used 20802K, capacity 22773K, committed 25264K, reserved 1048576K
Event: 14554.534 GC heap after
Heap after GC invocations=251 (full 13):
 PSYoungGen      total 521728K, used 64500K [0x00000000d5580000, 0x0000000100000000, 0x0000000100000000)
  eden space 457216K, 0% used [0x00000000d5580000,0x00000000d5580000,0x00000000f1400000)
  from space 64512K, 99% used [0x00000000fc100000,0x00000000ffffd2a8,0x0000000100000000)
  to   space 120832K, 0% used [0x00000000f1400000,0x00000000f1400000,0x00000000f8a00000)
 ParOldGen       total 509952K, used 509304K [0x0000000080000000, 0x000000009f200000, 0x00000000d5580000)
  object space 509952K, 99% used [0x0000000080000000,0x000000009f15e0f8,0x000000009f200000)
 Metaspace       used 171735K, capacity 183466K, committed 197784K, reserved 1222656K
  class space    used 20802K, capacity 22773K, committed 25264K, reserved 1048576K
}
Event: 14554.675 GC heap before
{Heap before GC invocations=252 (full 14):
 PSYoungGen      total 521728K, used 64500K [0x00000000d5580000, 0x0000000100000000, 0x0000000100000000)
  eden space 457216K, 0% used [0x00000000d5580000,0x00000000d5580000,0x00000000f1400000)
  from space 64512K, 99% used [0x00000000fc100000,0x00000000ffffd2a8,0x0000000100000000)
  to   space 120832K, 0% used [0x00000000f1400000,0x00000000f1400000,0x00000000f8a00000)
 ParOldGen       total 509952K, used 509304K [0x0000000080000000, 0x000000009f200000, 0x00000000d5580000)
  object space 509952K, 99% used [0x0000000080000000,0x000000009f15e0f8,0x000000009f200000)
 Metaspace       used 171735K, capacity 183466K, committed 197784K, reserved 1222656K
  class space    used 20802K, capacity 22773K, committed 25264K, reserved 1048576K
Event: 14559.943 GC heap after
Heap after GC invocations=252 (full 14):
 PSYoungGen      total 521728K, used 0K [0x00000000d5580000, 0x0000000100000000, 0x0000000100000000)
  eden space 457216K, 0% used [0x00000000d5580000,0x00000000d5580000,0x00000000f1400000)
  from space 64512K, 0% used [0x00000000fc100000,0x00000000fc100000,0x0000000100000000)
  to   space 120832K, 0% used [0x00000000f1400000,0x00000000f1400000,0x00000000f8a00000)
 ParOldGen       total 620544K, used 300914K [0x0000000080000000, 0x00000000a5e00000, 0x00000000d5580000)
  object space 620544K, 48% used [0x0000000080000000,0x00000000925dc9b8,0x00000000a5e00000)
 Metaspace       used 156431K, capacity 167944K, committed 195736K, reserved 1220608K
  class space    used 19054K, capacity 20982K, committed 25264K, reserved 1048576K
}
Event: 14575.597 GC heap before
{Heap before GC invocations=253 (full 14):
 PSYoungGen      total 521728K, used 457216K [0x00000000d5580000, 0x0000000100000000, 0x0000000100000000)
  eden space 457216K, 100% used [0x00000000d5580000,0x00000000f1400000,0x00000000f1400000)
  from space 64512K, 0% used [0x00000000fc100000,0x00000000fc100000,0x0000000100000000)
  to   space 120832K, 0% used [0x00000000f1400000,0x00000000f1400000,0x00000000f8a00000)
 ParOldGen       total 620544K, used 300914K [0x0000000080000000, 0x00000000a5e00000, 0x00000000d5580000)
  object space 620544K, 48% used [0x0000000080000000,0x00000000925dc9b8,0x00000000a5e00000)
 Metaspace       used 156458K, capacity 167944K, committed 195736K, reserved 1220608K
  class space    used 19054K, capacity 20982K, committed 25264K, reserved 1048576K
Event: 14575.611 GC heap after
Heap after GC invocations=253 (full 14):
 PSYoungGen      total 578048K, used 11517K [0x00000000d5580000, 0x0000000100000000, 0x0000000100000000)
  eden space 457216K, 0% used [0x00000000d5580000,0x00000000d5580000,0x00000000f1400000)
  from space 120832K, 9% used [0x00000000f1400000,0x00000000f1f3f740,0x00000000f8a00000)
  to   space 117760K, 0% used [0x00000000f8d00000,0x00000000f8d00000,0x0000000100000000)
 ParOldGen       total 620544K, used 300922K [0x0000000080000000, 0x00000000a5e00000, 0x00000000d5580000)
  object space 620544K, 48% used [0x0000000080000000,0x00000000925de9b8,0x00000000a5e00000)
 Metaspace       used 156458K, capacity 167944K, committed 195736K, reserved 1220608K
  class space    used 19054K, capacity 20982K, committed 25264K, reserved 1048576K
}
Event: 14615.321 GC heap before
{Heap before GC invocations=254 (full 14):
 PSYoungGen      total 578048K, used 468733K [0x00000000d5580000, 0x0000000100000000, 0x0000000100000000)
  eden space 457216K, 100% used [0x00000000d5580000,0x00000000f1400000,0x00000000f1400000)
  from space 120832K, 9% used [0x00000000f1400000,0x00000000f1f3f740,0x00000000f8a00000)
  to   space 117760K, 0% used [0x00000000f8d00000,0x00000000f8d00000,0x0000000100000000)
 ParOldGen       total 620544K, used 300922K [0x0000000080000000, 0x00000000a5e00000, 0x00000000d5580000)
  object space 620544K, 48% used [0x0000000080000000,0x00000000925de9b8,0x00000000a5e00000)
 Metaspace       used 161645K, capacity 173412K, committed 195736K, reserved 1220608K
  class space    used 19627K, capacity 21612K, committed 25264K, reserved 1048576K
Event: 14615.433 GC heap after
Heap after GC invocations=254 (full 14):
 PSYoungGen      total 560640K, used 87427K [0x00000000d5580000, 0x0000000100000000, 0x0000000100000000)
  eden space 442880K, 0% used [0x00000000d5580000,0x00000000d5580000,0x00000000f0600000)
  from space 117760K, 74% used [0x00000000f8d00000,0x00000000fe260e88,0x0000000100000000)
  to   space 128000K, 0% used [0x00000000f0600000,0x00000000f0600000,0x00000000f8300000)
 ParOldGen       total 620544K, used 305490K [0x0000000080000000, 0x00000000a5e00000, 0x00000000d5580000)
  object space 620544K, 49% used [0x0000000080000000,0x0000000092a548b8,0x00000000a5e00000)
 Metaspace       used 161645K, capacity 173412K, committed 195736K, reserved 1220608K
  class space    used 19627K, capacity 21612K, committed 25264K, reserved 1048576K
}
Event: 14617.289 GC heap before
{Heap before GC invocations=255 (full 14):
 PSYoungGen      total 560640K, used 530307K [0x00000000d5580000, 0x0000000100000000, 0x0000000100000000)
  eden space 442880K, 100% used [0x00000000d5580000,0x00000000f0600000,0x00000000f0600000)
  from space 117760K, 74% used [0x00000000f8d00000,0x00000000fe260e88,0x0000000100000000)
  to   space 128000K, 0% used [0x00000000f0600000,0x00000000f0600000,0x00000000f8300000)
 ParOldGen       total 620544K, used 305490K [0x0000000080000000, 0x00000000a5e00000, 0x00000000d5580000)
  object space 620544K, 49% used [0x0000000080000000,0x0000000092a548b8,0x00000000a5e00000)
 Metaspace       used 165322K, capacity 177090K, committed 195736K, reserved 1220608K
  class space    used 20100K, capacity 22079K, committed 25264K, reserved 1048576K
Event: 14617.321 GC heap after
Heap after GC invocations=255 (full 14):
 PSYoungGen      total 570880K, used 7607K [0x00000000d5580000, 0x0000000100000000, 0x0000000100000000)
  eden space 442880K, 0% used [0x00000000d5580000,0x00000000d5580000,0x00000000f0600000)
  from space 128000K, 5% used [0x00000000f0600000,0x00000000f0d6def0,0x00000000f8300000)
  to   space 125440K, 0% used [0x00000000f8580000,0x00000000f8580000,0x0000000100000000)
 ParOldGen       total 620544K, used 318713K [0x0000000080000000, 0x00000000a5e00000, 0x00000000d5580000)
  object space 620544K, 51% used [0x0000000080000000,0x000000009373e560,0x00000000a5e00000)
 Metaspace       used 165322K, capacity 177090K, committed 195736K, reserved 1220608K
  class space    used 20100K, capacity 22079K, committed 25264K, reserved 1048576K
}

