# JRE version: OpenJDK Runtime Environment (8.0_242-b01) (build 1.8.0_242-release-1644-b01)
# Java VM: OpenJDK 64-Bit Server VM (25.242-b01 mixed mode windows-amd64 compressed oops)
Heap:
 PSYoungGen      total 577024K, used 392501K [0x00000000d5580000, 0x0000000100000000, 0x0000000100000000)
  eden space 514560K, 76% used [0x00000000d5580000,0x00000000ed4cd7c0,0x00000000f4c00000)
  from space 62464K, 0% used [0x00000000fc300000,0x00000000fc300000,0x0000000100000000)
  to   space 92160K, 0% used [0x00000000f4c00000,0x00000000f4c00000,0x00000000fa600000)
 ParOldGen       total 189440K, used 189273K [0x0000000080000000, 0x000000008b900000, 0x00000000d5580000)
  object space 189440K, 99% used [0x0000000080000000,0x000000008b8d6650,0x000000008b900000)
 Metaspace       used 125185K, capacity 130798K, committed 130968K, reserved 1163264K
  class space    used 15827K, capacity 16999K, committed 17072K, reserved 1048576K
GC Heap History (10 events):
Event: 455.316 GC heap before
{Heap before GC invocations=21 (full 5):
 PSYoungGen      total 640512K, used 582144K [0x00000000d5580000, 0x0000000100000000, 0x0000000100000000)
  eden space 582144K, 100% used [0x00000000d5580000,0x00000000f8e00000,0x00000000f8e00000)
  from space 58368K, 0% used [0x00000000f8e00000,0x00000000f8e00000,0x00000000fc700000)
  to   space 55296K, 0% used [0x00000000fca00000,0x00000000fca00000,0x0000000100000000)
 ParOldGen       total 189440K, used 88541K [0x0000000080000000, 0x000000008b900000, 0x00000000d5580000)
  object space 189440K, 46% used [0x0000000080000000,0x0000000085677698,0x000000008b900000)
 Metaspace       used 109329K, capacity 114182K, committed 114584K, reserved 1148928K
  class space    used 13890K, capacity 14925K, committed 15024K, reserved 1048576K
Event: 455.386 GC heap after
Heap after GC invocations=21 (full 5):
 PSYoungGen      total 628224K, used 51835K [0x00000000d5580000, 0x0000000100000000, 0x0000000100000000)
  eden space 572928K, 0% used [0x00000000d5580000,0x00000000d5580000,0x00000000f8500000)
  from space 55296K, 93% used [0x00000000fca00000,0x00000000ffc9ee40,0x0000000100000000)
  to   space 62976K, 0% used [0x00000000f8500000,0x00000000f8500000,0x00000000fc280000)
 ParOldGen       total 189440K, used 88549K [0x0000000080000000, 0x000000008b900000, 0x00000000d5580000)
  object space 189440K, 46% used [0x0000000080000000,0x0000000085679698,0x000000008b900000)
 Metaspace       used 109329K, capacity 114182K, committed 114584K, reserved 1148928K
  class space    used 13890K, capacity 14925K, committed 15024K, reserved 1048576K
}
Event: 488.954 GC heap before
{Heap before GC invocations=22 (full 5):
 PSYoungGen      total 628224K, used 624763K [0x00000000d5580000, 0x0000000100000000, 0x0000000100000000)
  eden space 572928K, 100% used [0x00000000d5580000,0x00000000f8500000,0x00000000f8500000)
  from space 55296K, 93% used [0x00000000fca00000,0x00000000ffc9ee40,0x0000000100000000)
  to   space 62976K, 0% used [0x00000000f8500000,0x00000000f8500000,0x00000000fc280000)
 ParOldGen       total 189440K, used 88549K [0x0000000080000000, 0x000000008b900000, 0x00000000d5580000)
  object space 189440K, 46% used [0x0000000080000000,0x0000000085679698,0x000000008b900000)
 Metaspace       used 110471K, capacity 115452K, committed 115608K, reserved 1150976K
  class space    used 13975K, capacity 15018K, committed 15024K, reserved 1048576K
Event: 488.970 GC heap after
Heap after GC invocations=22 (full 5):
 PSYoungGen      total 635904K, used 7221K [0x00000000d5580000, 0x0000000100000000, 0x0000000100000000)
  eden space 572928K, 0% used [0x00000000d5580000,0x00000000d5580000,0x00000000f8500000)
  from space 62976K, 11% used [0x00000000f8500000,0x00000000f8c0d6d0,0x00000000fc280000)
  to   space 62464K, 0% used [0x00000000fc300000,0x00000000fc300000,0x0000000100000000)
 ParOldGen       total 189440K, used 102506K [0x0000000080000000, 0x000000008b900000, 0x00000000d5580000)
  object space 189440K, 54% used [0x0000000080000000,0x000000008641aab8,0x000000008b900000)
 Metaspace       used 110471K, capacity 115452K, committed 115608K, reserved 1150976K
  class space    used 13975K, capacity 15018K, committed 15024K, reserved 1048576K
}
Event: 496.565 GC heap before
{Heap before GC invocations=23 (full 5):
 PSYoungGen      total 635904K, used 580149K [0x00000000d5580000, 0x0000000100000000, 0x0000000100000000)
  eden space 572928K, 100% used [0x00000000d5580000,0x00000000f8500000,0x00000000f8500000)
  from space 62976K, 11% used [0x00000000f8500000,0x00000000f8c0d6d0,0x00000000fc280000)
  to   space 62464K, 0% used [0x00000000fc300000,0x00000000fc300000,0x0000000100000000)
 ParOldGen       total 189440K, used 102506K [0x0000000080000000, 0x000000008b900000, 0x00000000d5580000)
  object space 189440K, 54% used [0x0000000080000000,0x000000008641aab8,0x000000008b900000)
 Metaspace       used 119902K, capacity 125140K, committed 125208K, reserved 1159168K
  class space    used 15061K, capacity 16160K, committed 16176K, reserved 1048576K
Event: 496.660 GC heap after
Heap after GC invocations=23 (full 5):
 PSYoungGen      total 577024K, used 62435K [0x00000000d5580000, 0x0000000100000000, 0x0000000100000000)
  eden space 514560K, 0% used [0x00000000d5580000,0x00000000d5580000,0x00000000f4c00000)
  from space 62464K, 99% used [0x00000000fc300000,0x00000000ffff8c30,0x0000000100000000)
  to   space 92160K, 0% used [0x00000000f4c00000,0x00000000f4c00000,0x00000000fa600000)
 ParOldGen       total 189440K, used 154718K [0x0000000080000000, 0x000000008b900000, 0x00000000d5580000)
  object space 189440K, 81% used [0x0000000080000000,0x0000000089717a00,0x000000008b900000)
 Metaspace       used 119902K, capacity 125140K, committed 125208K, reserved 1159168K
  class space    used 15061K, capacity 16160K, committed 16176K, reserved 1048576K
}
Event: 496.660 GC heap before
{Heap before GC invocations=24 (full 6):
 PSYoungGen      total 577024K, used 62435K [0x00000000d5580000, 0x0000000100000000, 0x0000000100000000)
  eden space 514560K, 0% used [0x00000000d5580000,0x00000000d5580000,0x00000000f4c00000)
  from space 62464K, 99% used [0x00000000fc300000,0x00000000ffff8c30,0x0000000100000000)
  to   space 92160K, 0% used [0x00000000f4c00000,0x00000000f4c00000,0x00000000fa600000)
 ParOldGen       total 189440K, used 154718K [0x0000000080000000, 0x000000008b900000, 0x00000000d5580000)
  object space 189440K, 81% used [0x0000000080000000,0x0000000089717a00,0x000000008b900000)
 Metaspace       used 119902K, capacity 125140K, committed 125208K, reserved 1159168K
  class space    used 15061K, capacity 16160K, committed 16176K, reserved 1048576K
Event: 497.384 GC heap after
Heap after GC invocations=24 (full 6):
 PSYoungGen      total 577024K, used 11206K [0x00000000d5580000, 0x0000000100000000, 0x0000000100000000)
  eden space 514560K, 0% used [0x00000000d5580000,0x00000000d5580000,0x00000000f4c00000)
  from space 62464K, 17% used [0x00000000fc300000,0x00000000fcdf18d8,0x0000000100000000)
  to   space 92160K, 0% used [0x00000000f4c00000,0x00000000f4c00000,0x00000000fa600000)
 ParOldGen       total 189440K, used 189299K [0x0000000080000000, 0x000000008b900000, 0x00000000d5580000)
  object space 189440K, 99% used [0x0000000080000000,0x000000008b8dccd8,0x000000008b900000)
 Metaspace       used 119898K, capacity 125134K, committed 125208K, reserved 1159168K
  class space    used 15060K, capacity 16159K, committed 16176K, reserved 1048576K
}
Event: 502.209 GC heap before
{Heap before GC invocations=25 (full 7):
 PSYoungGen      total 577024K, used 525766K [0x00000000d5580000, 0x0000000100000000, 0x0000000100000000)
  eden space 514560K, 100% used [0x00000000d5580000,0x00000000f4c00000,0x00000000f4c00000)
  from space 62464K, 17% used [0x00000000fc300000,0x00000000fcdf18d8,0x0000000100000000)
  to   space 92160K, 0% used [0x00000000f4c00000,0x00000000f4c00000,0x00000000fa600000)
 ParOldGen       total 189440K, used 189299K [0x0000000080000000, 0x000000008b900000, 0x00000000d5580000)
  object space 189440K, 99% used [0x0000000080000000,0x000000008b8dccd8,0x000000008b900000)
 Metaspace       used 122989K, capacity 128376K, committed 128536K, reserved 1161216K
  class space    used 15563K, capacity 16674K, committed 16688K, reserved 1048576K
Event: 503.011 GC heap after
Heap after GC invocations=25 (full 7):
 PSYoungGen      total 577024K, used 21998K [0x00000000d5580000, 0x0000000100000000, 0x0000000100000000)
  eden space 514560K, 4% used [0x00000000d5580000,0x00000000d6afbbd8,0x00000000f4c00000)
  from space 62464K, 0% used [0x00000000fc300000,0x00000000fc300000,0x0000000100000000)
  to   space 92160K, 0% used [0x00000000f4c00000,0x00000000f4c00000,0x00000000fa600000)
 ParOldGen       total 189440K, used 189273K [0x0000000080000000, 0x000000008b900000, 0x00000000d5580000)
  object space 189440K, 99% used [0x0000000080000000,0x000000008b8d6650,0x000000008b900000)
 Metaspace       used 122961K, capacity 128300K, committed 128536K, reserved 1161216K
  class space    used 15553K, capacity 16656K, committed 16688K, reserved 1048576K
}

